<?xml version="1.0" encoding="UTF-8"?>
<testsuite name="Server.ClientConnectionHandlerTest" tests="6" skipped="0" failures="0" errors="0" timestamp="2023-12-12T03:28:58" hostname="bellas-mbp.lan" time="5.038">
  <properties/>
  <testcase name="testQuery()" classname="Server.ClientConnectionHandlerTest" time="1.007"/>
  <testcase name="testBroadcast()" classname="Server.ClientConnectionHandlerTest" time="1.006"/>
  <testcase name="testSendDirect()" classname="Server.ClientConnectionHandlerTest" time="1.007"/>
  <testcase name="connectAndDisConnect()" classname="Server.ClientConnectionHandlerTest" time="0.005"/>
  <testcase name="testInsult()" classname="Server.ClientConnectionHandlerTest" time="1.008"/>
  <testcase name="testDisConnect()" classname="Server.ClientConnectionHandlerTest" time="1.004"/>
  <system-out><![CDATA[]]></system-out>
  <system-err><![CDATA[]]></system-err>
</testsuite>
