<?xml version="1.0" encoding="UTF-8"?>
<testsuite name="Message.InsultMessageTest" tests="4" skipped="0" failures="0" errors="0" timestamp="2023-12-12T03:28:58" hostname="bellas-mbp.lan" time="0.002">
  <properties/>
  <testcase name="constructorTest()" classname="Message.InsultMessageTest" time="0.001"/>
  <testcase name="getIdentifier()" classname="Message.InsultMessageTest" time="0.0"/>
  <testcase name="serialize()" classname="Message.InsultMessageTest" time="0.0"/>
  <testcase name="hashCodeTest()" classname="Message.InsultMessageTest" time="0.0"/>
  <system-out><![CDATA[]]></system-out>
  <system-err><![CDATA[]]></system-err>
</testsuite>
