<?xml version="1.0" encoding="UTF-8"?>
<testsuite name="Message.BroadcastMessageTest" tests="7" skipped="0" failures="0" errors="0" timestamp="2023-12-12T03:28:58" hostname="bellas-mbp.lan" time="0.009">
  <properties/>
  <testcase name="testSerializeAndDeserialize()" classname="Message.BroadcastMessageTest" time="0.004"/>
  <testcase name="constructorTest()" classname="Message.BroadcastMessageTest" time="0.0"/>
  <testcase name="getIdentifier()" classname="Message.BroadcastMessageTest" time="0.001"/>
  <testcase name="getUsernameTest()" classname="Message.BroadcastMessageTest" time="0.0"/>
  <testcase name="testSerializeAndDeserialize2()" classname="Message.BroadcastMessageTest" time="0.001"/>
  <testcase name="equalsTest()" classname="Message.BroadcastMessageTest" time="0.0"/>
  <testcase name="hashCodeTest()" classname="Message.BroadcastMessageTest" time="0.0"/>
  <system-out><![CDATA[]]></system-out>
  <system-err><![CDATA[]]></system-err>
</testsuite>
