<?xml version="1.0" encoding="UTF-8"?>
<testsuite name="Message.QueryUsersMessageTest" tests="6" skipped="0" failures="0" errors="0" timestamp="2023-12-12T03:28:58" hostname="bellas-mbp.lan" time="0.003">
  <properties/>
  <testcase name="getUsernameTest()" classname="Message.QueryUsersMessageTest" time="0.0"/>
  <testcase name="serialize()" classname="Message.QueryUsersMessageTest" time="0.0"/>
  <testcase name="toStringTest()" classname="Message.QueryUsersMessageTest" time="0.0"/>
  <testcase name="isRightId()" classname="Message.QueryUsersMessageTest" time="0.0"/>
  <testcase name="hashCodeTest()" classname="Message.QueryUsersMessageTest" time="0.0"/>
  <testcase name="deserialize()" classname="Message.QueryUsersMessageTest" time="0.001"/>
  <system-out><![CDATA[]]></system-out>
  <system-err><![CDATA[]]></system-err>
</testsuite>
