<?xml version="1.0" encoding="UTF-8"?>
<testsuite name="Client.ChatClientTest" tests="1" skipped="0" failures="0" errors="0" timestamp="2023-12-12T03:28:56" hostname="bellas-mbp.lan" time="0.008">
  <properties/>
  <testcase name="mainTest()" classname="Client.ChatClientTest" time="0.008"/>
  <system-out><![CDATA[]]></system-out>
  <system-err><![CDATA[Exception in thread "Thread-15" java.lang.RuntimeException: java.net.SocketException: Socket closed
	at Client.MockServer.lambda$start$0(MockServer.java:39)
	at java.base/java.lang.Thread.run(Thread.java:833)
Caused by: java.net.SocketException: Socket closed
	at java.base/sun.nio.ch.NioSocketImpl.endAccept(NioSocketImpl.java:689)
]]></system-err>
</testsuite>
