<?xml version="1.0" encoding="UTF-8"?>
<testsuite name="Message.ConnectMessageTest" tests="8" skipped="0" failures="0" errors="0" timestamp="2023-12-12T03:28:58" hostname="bellas-mbp.lan" time="0.004">
  <properties/>
  <testcase name="testSerializeAndDeserialize()" classname="Message.ConnectMessageTest" time="0.0"/>
  <testcase name="constructorTest()" classname="Message.ConnectMessageTest" time="0.0"/>
  <testcase name="getUsernameTest()" classname="Message.ConnectMessageTest" time="0.0"/>
  <testcase name="testSerializeAndDeserialize2()" classname="Message.ConnectMessageTest" time="0.0"/>
  <testcase name="setIdentifierTest()" classname="Message.ConnectMessageTest" time="0.0"/>
  <testcase name="equalsTest()" classname="Message.ConnectMessageTest" time="0.0"/>
  <testcase name="toStringTest()" classname="Message.ConnectMessageTest" time="0.0"/>
  <testcase name="hashCodeTest()" classname="Message.ConnectMessageTest" time="0.0"/>
  <system-out><![CDATA[]]></system-out>
  <system-err><![CDATA[]]></system-err>
</testsuite>
